Generating all possible products...
250 possible products generated

Filtering reactions...
22 products remaining

4 products remaining after isomorphic screening

Generating all possible products...
245 possible products generated

Filtering reactions...
22 products remaining

12 products remaining after isomorphic screening

Generating all possible products...
205 possible products generated

Filtering reactions...
25 products remaining

10 products remaining after isomorphic screening

Generating all possible products...
247 possible products generated

Filtering reactions...
37 products remaining

13 products remaining after isomorphic screening

Generating all possible products...
286 possible products generated

Filtering reactions...
26 products remaining

13 products remaining after isomorphic screening

Generating all possible products...
287 possible products generated

Filtering reactions...
46 products remaining

23 products remaining after isomorphic screening

Generating all possible products...
245 possible products generated

Filtering reactions...
43 products remaining

13 products remaining after isomorphic screening

Generating all possible products...
246 possible products generated

Filtering reactions...
30 products remaining

16 products remaining after isomorphic screening

Generating all possible products...
281 possible products generated

Filtering reactions...
39 products remaining

25 products remaining after isomorphic screening

Generating all possible products...
247 possible products generated

Filtering reactions...
31 products remaining

7 products remaining after isomorphic screening

Generating all possible products...
285 possible products generated

