Here is the 1 generation

There are 4 rounds need to generate possible products at next generation

Add 11 new products into network

Now network have 15 products

Finished 1/4 rounds at 1 generations

Add 7 new products into network

Now network have 22 products

Finished 2/4 rounds at 1 generations

Add 5 new products into network

Now network have 27 products

Finished 3/4 rounds at 1 generations

Add 4 new products into network

Now network have 31 products

Finished 4/4 rounds at 1 generations

Here is the 2 generation

There are 27 rounds need to generate possible products at this generation

Add 13 new products into network

Now network have 44 products

Finished 5/31 rounds at 2 generations

Add 4 new products into network

Now network have 48 products

Finished 6/31 rounds at 2 generations

Add 10 new products into network

Now network have 58 products

Finished 7/31 rounds at 2 generations

Add 7 new products into network

Now network have 65 products

Finished 8/31 rounds at 2 generations

Add 0 new products into network

Now network have 65 products

Finished 9/31 rounds at 2 generations

