Generating all possible products...
85 possible products generated

Filtering reactions...
12 products remaining

2 products remaining after isomorphic screening

Product 1: CCO
C      0.03507388   -0.39261090    0.53917380
C     -0.03507435    0.39261092   -0.53917374
H      0.98710652   -0.77880134    0.88957858
H     -0.98710634    0.77880204   -0.88957956
H      0.85815414    0.66465944   -1.09273059
O     -0.74898280    2.39880873    1.62415795
H     -0.09000339    2.89456536    1.11530383
H     -0.23576919    1.99247722    2.33862803
H     -0.85815384   -0.66466019    1.09273153
****
C      0.52650229   -0.05964529    0.87728240
C     -0.00537779    0.07639086   -0.53338058
H      1.61151847    0.07484073    0.90020279
H      0.21688199    1.07021349   -0.93335332
H      0.43978033   -0.68039182   -1.18620051
O     -1.41333197   -0.10534417   -0.51636617
H     -1.72406883   -0.01280489   -1.43310803
H      0.06436837    0.68209147    1.53709909
H      0.28372715   -1.04535039    1.28782434


ARD terminated on Mon Apr 13 04:01:06 2020
Total ARD run time: 3.8 s
Generating all possible products...
91 possible products generated

Filtering reactions...
4 products remaining

3 products remaining after isomorphic screening

Product 2: C=O.C
C      0.52650131   -0.05963713    0.87728351
C     -0.00536757    0.07631206   -0.53339184
H      1.61148642    0.07509269    0.90023917
H      0.21696966    1.07008322   -0.93344857
H      0.43973073   -0.68056083   -1.18614847
O     -1.41333750   -0.10530403   -0.51636126
H     -1.72410269   -0.01253712   -1.43306854
H      0.06417247    0.68196596    1.53711393
H      0.28394716   -1.04541482    1.28778210
****
C      0.00000002   -0.00000000    0.00000000
C     -3.51964012   -0.48414022   -0.35223652
H      1.04503251    0.17131088   -0.26731836
H     -3.80354670    0.45263350   -0.85779949
H     -3.68827244   -1.40611563   -0.93125840
O     -3.04810793   -0.49955968    0.77787064
H     -0.61871504    0.05095897   -0.89860691
H     -0.32442023    0.76461809    0.70923211
H     -0.10189726   -0.98688794    0.45669316


ARD terminated on Mon Apr 13 04:01:13 2020
Total ARD run time: 4.8 s
Product 3: COC
C      0.52650131   -0.05963713    0.87728351
C     -0.00536757    0.07631206   -0.53339184
H      1.61148642    0.07509269    0.90023917
H      0.21696966    1.07008322   -0.93344857
H      0.43973073   -0.68056083   -1.18614847
O     -1.41333750   -0.10530403   -0.51636126
H     -1.72410269   -0.01253712   -1.43306854
H      0.06417247    0.68196596    1.53711393
H      0.28394716   -1.04541482    1.28778210
****
C      0.29353715   -0.18458620    1.12454371
C     -0.36435290    0.14752541   -1.11079083
H      1.29620592   -0.26700016    0.69462191
H     -0.04868078    1.19018850   -1.01233343
H      0.43522797   -0.44780570   -1.56191060
O     -0.71715550   -0.40498437    0.14979532
H     -1.23989110    0.10334381   -1.76528391
H      0.15994461    0.80397983    1.57374907
H      0.18516463   -0.94066114    1.90760877


ARD terminated on Mon Apr 13 04:01:14 2020
Total ARD run time: 0.1 s
Product 4: CC=O.[H][H]
C      0.52650131   -0.05963711    0.87728351
C     -0.00536754    0.07631184   -0.53339187
H      1.61148633    0.07509341    0.90023927
H      0.21696991    1.07008285   -0.93344885
H      0.43973060   -0.68056131   -1.18614832
O     -1.41333753   -0.10530391   -0.51636128
H     -1.72410277   -0.01253636   -1.43306840
H      0.06417191    0.68196560    1.53711397
H      0.28394779   -1.04541501    1.28778198
****
C      0.31166294   -0.13153812    0.55592863
C     -0.40147066    0.17616707   -0.72447180
H      1.37887060   -0.24564237    0.35221308
H     -0.07332906    1.09185031   -1.24461141
H      0.81004839   -1.18852135   -3.11645037
O     -1.29613393   -0.52501255   -1.18539459
H      0.23391991   -1.30825984   -3.56515815
H      0.15706458    0.69108912    1.25792268
H     -0.07666448   -1.05691347    0.98841341


ARD terminated on Mon Apr 13 04:01:15 2020
Total ARD run time: 1.3 s
Product 5: OC=C.[H][H]
C      0.03507388   -0.39261089    0.53917380
C     -0.03507435    0.39261093   -0.53917374
H      0.98710652   -0.77880134    0.88957858
H     -0.98710634    0.77880204   -0.88957956
H      0.85815414    0.66465944   -1.09273059
O     -0.29116349    2.91340837    1.10017403
H     -0.88379489    3.49765537    0.60378259
H      0.57599624    3.05879607    0.69291806
H     -0.85815384   -0.66466018    1.09273153
****
C      0.78001602   -0.36398086    0.58725328
C     -0.05783806    0.17704444   -0.29470200
H      1.85362982   -0.30129817    0.45199056
H      0.26253863    0.70323350   -1.18454706
H     -0.15801813    2.24945846    1.88325462
O     -1.41141836    0.10523759   -0.13626285
H     -1.83049772    0.56096628   -0.88740413
H     -0.88272159    2.16288696    2.00536228
H      0.40356967   -0.88120278    1.46367221


ARD terminated on Mon Apr 13 04:01:43 2020
Total ARD run time: 28.4 s
Generating all possible products...
75 possible products generated

Filtering reactions...
12 products remaining

2 products remaining after isomorphic screening

